生成启动时间为 2019/11/17 16:57:10。
     1>项目“\\Mac\Home\Documents\VS2013Object\OpenCV特征提取与检测\OpenCV特征提取与检测\OpenCV特征提取与检测.vcxproj”在节点 2 上(Rebuild 个目标)。
     1>ClCompile:
         C:\Program Files (x86)\Microsoft Visual Studio 12.0\VC\bin\x86_amd64\CL.exe /c /Zi /nologo /W3 /WX- /Od /D WIN32 /D _DEBUG /D _CONSOLE /D _LIB /D _UNICODE /D UNICODE /Gm /EHsc /RTC1 /MDd /GS /fp:precise /Zc:wchar_t /Zc:forScope /Fo"x64\Debug\\" /Fd"x64\Debug\vc120.pdb" /Gd /TP /errorReport:prompt "1.Harris角点检测.cpp" "2.Shi-Tomasi角点检测.cpp" "3.亚像素级角点检测!!!!!!!!!!.cpp" "5.SURF特征点匹配!!!!!!!!!!.cpp" "4.SURF特征点检测.cpp" "6.SIFT特征点检测.cpp" "7.SIFT特征点匹配!!!!!!!!!!.cpp" "8.HOG特征点提取.cpp"
         8.HOG特征点提取.cpp
         7.SIFT特征点匹配!!!!!!!!!!.cpp
         6.SIFT特征点检测.cpp
         4.SURF特征点检测.cpp
         5.SURF特征点匹配!!!!!!!!!!.cpp
     1>C:\opencv\new build\install\include\opencv2/core/mat.hpp(1965): warning C4819: 该文件包含不能在当前代码页(936)中表示的字符。请将该文件保存为 Unicode 格式以防止数据丢失
     1>C:\opencv\new build\install\include\opencv2/core/persistence.hpp : warning C4819: 该文件包含不能在当前代码页(936)中表示的字符。请将该文件保存为 Unicode 格式以防止数据丢失
     1>C:\opencv\new build\install\include\opencv2/core/utility.hpp : warning C4819: 该文件包含不能在当前代码页(936)中表示的字符。请将该文件保存为 Unicode 格式以防止数据丢失
         3.亚像素级角点检测!!!!!!!!!!.cpp
         2.Shi-Tomasi角点检测.cpp
         1.Harris角点检测.cpp
         正在生成代码...
       Link:
         C:\Program Files (x86)\Microsoft Visual Studio 12.0\VC\bin\x86_amd64\link.exe /ERRORREPORT:PROMPT /OUT:"\\Mac\Home\Documents\VS2013Object\OpenCV特征提取与检测\x64\Debug\OpenCV特征提取与检测.exe" /INCREMENTAL /NOLOGO opencv_photo310d.lib opencv_plot310d.lib opencv_reg310d.lib opencv_rgbd310d.lib opencv_saliency310d.lib opencv_shape310d.lib opencv_stereo310d.lib opencv_stitching310d.lib opencv_structured_light310d.lib opencv_superres310d.lib opencv_surface_matching310d.lib opencv_text310d.lib opencv_tracking310d.lib opencv_ts310d.lib opencv_video310d.lib opencv_videoio310d.lib opencv_videostab310d.lib opencv_xfeatures2d310d.lib opencv_ximgproc310d.lib opencv_xobjdetect310d.lib opencv_xphoto310d.lib opencv_world310d.lib kernel32.lib user32.lib gdi32.lib winspool.lib comdlg32.lib advapi32.lib shell32.lib ole32.lib oleaut32.lib uuid.lib odbc32.lib odbccp32.lib /MANIFEST /MANIFESTUAC:"level='asInvoker' uiAccess='false'" /manifest:embed /DEBUG /PDB:"\\Mac\Home\Documents\VS2013Object\OpenCV特征提取与检测\x64\Debug\OpenCV特征提取与检测.pdb" /SUBSYSTEM:CONSOLE /TLBID:1 /DYNAMICBASE /NXCOMPAT /IMPLIB:"\\Mac\Home\Documents\VS2013Object\OpenCV特征提取与检测\x64\Debug\OpenCV特征提取与检测.lib" /MACHINE:X64 "x64\Debug\1.Harris角点检测.obj"
         "x64\Debug\2.Shi-Tomasi角点检测.obj"
         "x64\Debug\3.亚像素级角点检测!!!!!!!!!!.obj"
         "x64\Debug\5.SURF特征点匹配!!!!!!!!!!.obj"
         "x64\Debug\4.SURF特征点检测.obj"
         "x64\Debug\6.SIFT特征点检测.obj"
         "x64\Debug\7.SIFT特征点匹配!!!!!!!!!!.obj"
         "x64\Debug\8.HOG特征点提取.obj"
         OpenCV特征提取与检测.vcxproj -> \\Mac\Home\Documents\VS2013Object\OpenCV特征提取与检测\x64\Debug\OpenCV特征提取与检测.exe
     1>已完成生成项目“\\Mac\Home\Documents\VS2013Object\OpenCV特征提取与检测\OpenCV特征提取与检测\OpenCV特征提取与检测.vcxproj”(Rebuild 个目标)的操作。

生成成功。

已用时间 00:00:04.32
