\\mac\home\documents\vs2013object\opencv特征提取与检测\x64\debug\opencv特征提取与检测.ilk
\\mac\home\documents\vs2013object\opencv特征提取与检测\x64\debug\opencv特征提取与检测.exe
\\mac\home\documents\vs2013object\opencv特征提取与检测\x64\debug\opencv特征提取与检测.pdb
\\mac\home\documents\vs2013object\opencv特征提取与检测\opencv特征提取与检测\x64\debug\vc120.pdb
\\mac\home\documents\vs2013object\opencv特征提取与检测\opencv特征提取与检测\x64\debug\vc120.idb
\\mac\home\documents\vs2013object\opencv特征提取与检测\opencv特征提取与检测\x64\debug\1.harris角点检测.obj
\\mac\home\documents\vs2013object\opencv特征提取与检测\opencv特征提取与检测\x64\debug\2.shi-tomasi角点检测.obj
\\mac\home\documents\vs2013object\opencv特征提取与检测\opencv特征提取与检测\x64\debug\3.亚像素级角点检测!!!!!!!!!!.obj
\\mac\home\documents\vs2013object\opencv特征提取与检测\opencv特征提取与检测\x64\debug\5.surf特征点匹配!!!!!!!!!!.obj
\\mac\home\documents\vs2013object\opencv特征提取与检测\opencv特征提取与检测\x64\debug\4.surf特征点检测.obj
\\mac\home\documents\vs2013object\opencv特征提取与检测\opencv特征提取与检测\x64\debug\6.sift特征点检测.obj
\\mac\home\documents\vs2013object\opencv特征提取与检测\opencv特征提取与检测\x64\debug\7.sift特征点匹配!!!!!!!!!!.obj
\\mac\home\documents\vs2013object\opencv特征提取与检测\opencv特征提取与检测\x64\debug\8.hog特征点检测.obj
\\mac\home\documents\vs2013object\opencv特征提取与检测\opencv特征提取与检测\x64\debug\hog特征点提取.obj
\\mac\home\documents\vs2013object\opencv特征提取与检测\opencv特征提取与检测\x64\debug\8.hog特征点提取.obj
\\mac\home\documents\vs2013object\opencv特征提取与检测\opencv特征提取与检测\x64\debug\opencv特征提取与检测.tlog\link.read.1.tlog
\\mac\home\documents\vs2013object\opencv特征提取与检测\opencv特征提取与检测\x64\debug\opencv特征提取与检测.tlog\link.command.1.tlog
\\mac\home\documents\vs2013object\opencv特征提取与检测\opencv特征提取与检测\x64\debug\opencv特征提取与检测.tlog\link.write.1.tlog
\\mac\home\documents\vs2013object\opencv特征提取与检测\opencv特征提取与检测\x64\debug\opencv特征提取与检测.tlog\cl.read.1.tlog
\\mac\home\documents\vs2013object\opencv特征提取与检测\opencv特征提取与检测\x64\debug\opencv特征提取与检测.tlog\cl.command.1.tlog
\\mac\home\documents\vs2013object\opencv特征提取与检测\opencv特征提取与检测\x64\debug\opencv特征提取与检测.tlog\cl.write.1.tlog
