生成启动时间为 2019/8/5 15:52:25。
     1>项目“D:\VS2013Object\OpenCV\OpenCV\OpenCV.vcxproj”在节点 2 上(Build 个目标)。
     1>ClCompile:
         C:\Program Files (x86)\Microsoft Visual Studio 12.0\VC\bin\x86_amd64\CL.exe /c /Zi /nologo /W3 /WX- /sdl /O2 /Oi /GL /D WIN32 /D NDEBUG /D _CONSOLE /D _LIB /D _UNICODE /D UNICODE /Gm- /EHsc /MD /GS /Gy /fp:precise /Zc:wchar_t /Zc:forScope /Fo"x64\Release\\" /Fd"x64\Release\vc120.pdb" /Gd /TP /errorReport:prompt "形态学+模糊+直方图+轮廓.cpp"
         形态学+模糊+直方图+轮廓.cpp
     1>形态学+模糊+直方图+轮廓.cpp(166): warning C4267: “参数”: 从“size_t”转换到“int”，可能丢失数据
       Link:
         C:\Program Files (x86)\Microsoft Visual Studio 12.0\VC\bin\x86_amd64\link.exe /ERRORREPORT:PROMPT /OUT:"D:\VS2013Object\OpenCV\x64\Release\OpenCV.exe" /INCREMENTAL:NO /NOLOGO opencv_world310d.lib kernel32.lib user32.lib gdi32.lib winspool.lib comdlg32.lib advapi32.lib shell32.lib ole32.lib oleaut32.lib uuid.lib odbc32.lib odbccp32.lib /MANIFEST /MANIFESTUAC:"level='asInvoker' uiAccess='false'" /manifest:embed /DEBUG /PDB:"D:\VS2013Object\OpenCV\x64\Release\OpenCV.pdb" /SUBSYSTEM:CONSOLE /OPT:REF /OPT:ICF /LTCG /TLBID:1 /DYNAMICBASE /NXCOMPAT /IMPLIB:"D:\VS2013Object\OpenCV\x64\Release\OpenCV.lib" /MACHINE:X64 "x64\Release\1.概述.obj"
         "x64\Release\10.模糊图像(2).obj"
         "x64\Release\11.腐蚀与膨胀.obj"
         "x64\Release\12.形态学操作.obj"
         "x64\Release\13.提取水平垂直文字.obj"
         "x64\Release\14.图像金字塔.obj"
         "x64\Release\15.基本阈值操作.obj"
         "x64\Release\16.自定义线性滤波.obj"
         "x64\Release\17.卷积边缘处理.obj"
         "x64\Release\18.Sobel算子.obj"
         "x64\Release\19.Laplance算子.obj"
         "x64\Release\2.加载修改删除.obj"
         "x64\Release\20.canny边缘提取.obj"
         "x64\Release\21.霍夫直线检测.obj"
         "x64\Release\22.霍夫圆检测.obj"
         "x64\Release\23.像素重映射.obj"
         "x64\Release\24.直方图均衡化.obj"
         "x64\Release\25.直方图计算.obj"
         "x64\Release\26.直方图比较.obj"
         "x64\Release\27.直方图反向投影.obj"
         "x64\Release\28.模板匹配.obj"
         "x64\Release\3.矩阵的掩膜操作.obj"
         "x64\Release\30.凸包.obj"
         "x64\Release\31.轮廓周围绘制.obj"
         "x64\Release\4.Mat对象.obj"
         "x64\Release\5.图像反转(提取像素).obj"
         "x64\Release\6.图像混合+ROI+泛洪填充.obj"
         "x64\Release\8.绘制形状和文字.obj"
         "x64\Release\9.模糊图像(1).obj"
         "x64\Release\7.调整亮度和对比度.obj"
         x64\Release\createtrackbar.obj
         "x64\Release\形态学+模糊+直方图+轮廓.obj"
         "x64\Release\测试.obj"
         "x64\Release\29.轮廓发现.obj"
         正在生成代码
         已完成代码的生成
         OpenCV.vcxproj -> D:\VS2013Object\OpenCV\x64\Release\OpenCV.exe
     1>已完成生成项目“D:\VS2013Object\OpenCV\OpenCV\OpenCV.vcxproj”(Build 个目标)的操作。

生成成功。

已用时间 00:00:02.57
