d:\vs2013object\opencv\opencv\x64\debug\vc120.pdb
d:\vs2013object\opencv\opencv\x64\debug\vc120.idb
d:\vs2013object\opencv\opencv\x64\debug\22.霍夫圆检测.obj
d:\vs2013object\opencv\opencv\x64\debug\23.像素重映射.obj
d:\vs2013object\opencv\opencv\x64\debug\24.直方图均衡化.obj
d:\vs2013object\opencv\opencv\x64\debug\25.直方图计算.obj
d:\vs2013object\opencv\opencv\x64\debug\26.直方图比较.obj
d:\vs2013object\opencv\opencv\x64\debug\27.直方图反向投影.obj
d:\vs2013object\opencv\opencv\x64\debug\28.模板匹配.obj
d:\vs2013object\opencv\opencv\x64\debug\29.轮廓发现.obj
d:\vs2013object\opencv\opencv\x64\debug\3.矩阵的掩膜操作.obj
d:\vs2013object\opencv\opencv\x64\debug\30.凸包.obj
d:\vs2013object\opencv\opencv\x64\debug\4.mat对象.obj
d:\vs2013object\opencv\opencv\x64\debug\5.图像反转(提取像素).obj
d:\vs2013object\opencv\opencv\x64\debug\6.图像混合+roi+泛洪填充.obj
d:\vs2013object\opencv\opencv\x64\debug\8.绘制形状和文字.obj
d:\vs2013object\opencv\opencv\x64\debug\9.模糊图像(1).obj
d:\vs2013object\opencv\opencv\x64\debug\7.调整亮度和对比度.obj
d:\vs2013object\opencv\opencv\x64\debug\createtrackbar.obj
d:\vs2013object\opencv\opencv\x64\debug\形态学+直方图测试.obj
d:\vs2013object\opencv\opencv\x64\debug\测试.obj
d:\vs2013object\opencv\opencv\x64\debug\1.概述.obj
d:\vs2013object\opencv\opencv\x64\debug\10.模糊图像(2).obj
d:\vs2013object\opencv\opencv\x64\debug\11.腐蚀与膨胀.obj
d:\vs2013object\opencv\opencv\x64\debug\12.形态学操作.obj
d:\vs2013object\opencv\opencv\x64\debug\13.提取水平垂直文字.obj
d:\vs2013object\opencv\opencv\x64\debug\14.图像金字塔.obj
d:\vs2013object\opencv\opencv\x64\debug\15.基本阈值操作.obj
d:\vs2013object\opencv\opencv\x64\debug\16.自定义线性滤波.obj
d:\vs2013object\opencv\opencv\x64\debug\17.卷积边缘处理.obj
d:\vs2013object\opencv\opencv\x64\debug\18.sobel算子.obj
d:\vs2013object\opencv\opencv\x64\debug\19.laplance算子.obj
d:\vs2013object\opencv\opencv\x64\debug\2.加载修改删除.obj
d:\vs2013object\opencv\opencv\x64\debug\20.canny边缘提取.obj
d:\vs2013object\opencv\opencv\x64\debug\21.霍夫直线检测.obj
d:\vs2013object\opencv\opencv\x64\debug\opencv.tlog\cl.command.1.tlog
d:\vs2013object\opencv\opencv\x64\debug\opencv.tlog\cl.read.1.tlog
d:\vs2013object\opencv\opencv\x64\debug\opencv.tlog\cl.write.1.tlog
