生成启动时间为 2019/9/9 13:52:21。
     1>项目“\\Mac\Home\Documents\VS2013Object\OpenCV图像处理\OpenCV\OpenCV.vcxproj”在节点 2 上(Build 个目标)。
     1>C:\Program Files (x86)\MSBuild\Microsoft.Cpp\v4.0\V120\Microsoft.CppBuild.targets(381,5): warning MSB8028: The intermediate directory (x64\Debug\) contains files shared from another project (OpenCV.vcxproj).  This can lead to incorrect clean and rebuild behavior.
     1>ClCompile:
         C:\Program Files (x86)\Microsoft Visual Studio 12.0\VC\bin\x86_amd64\CL.exe /c /Zi /nologo /W3 /WX- /sdl /Od /D WIN32 /D _DEBUG /D _CONSOLE /D _LIB /D _UNICODE /D UNICODE /Gm /EHsc /RTC1 /MDd /GS /fp:precise /Zc:wchar_t /Zc:forScope /Fo"x64\Debug\\" /Fd"x64\Debug\vc120.pdb" /Gd /TP /errorReport:prompt "22.霍夫圆检测!!!!!!!!!!.cpp"
         22.霍夫圆检测!!!!!!!!!!.cpp
     1>C:\opencv\new build\install\include\opencv2/core/mat.hpp(1965): warning C4819: 该文件包含不能在当前代码页(936)中表示的字符。请将该文件保存为 Unicode 格式以防止数据丢失
     1>C:\opencv\new build\install\include\opencv2/core/persistence.hpp : warning C4819: 该文件包含不能在当前代码页(936)中表示的字符。请将该文件保存为 Unicode 格式以防止数据丢失
     1>C:\opencv\new build\install\include\opencv2/core/utility.hpp : warning C4819: 该文件包含不能在当前代码页(936)中表示的字符。请将该文件保存为 Unicode 格式以防止数据丢失
       Link:
         C:\Program Files (x86)\Microsoft Visual Studio 12.0\VC\bin\x86_amd64\link.exe /ERRORREPORT:PROMPT /OUT:"\\Mac\Home\Documents\VS2013Object\OpenCV图像处理\x64\Debug\OpenCV图像处理.exe" /INCREMENTAL /NOLOGO opencv_photo310d.lib opencv_plot310d.lib opencv_reg310d.lib opencv_rgbd310d.lib opencv_saliency310d.lib opencv_shape310d.lib opencv_stereo310d.lib opencv_stitching310d.lib opencv_structured_light310d.lib opencv_superres310d.lib opencv_surface_matching310d.lib opencv_text310d.lib opencv_tracking310d.lib opencv_ts310d.lib opencv_video310d.lib opencv_videoio310d.lib opencv_videostab310d.lib opencv_xfeatures2d310d.lib opencv_ximgproc310d.lib opencv_xobjdetect310d.lib opencv_xphoto310d.lib opencv_world310d.lib kernel32.lib user32.lib gdi32.lib winspool.lib comdlg32.lib advapi32.lib shell32.lib ole32.lib oleaut32.lib uuid.lib odbc32.lib odbccp32.lib /MANIFEST /MANIFESTUAC:"level='asInvoker' uiAccess='false'" /manifest:embed /DEBUG /PDB:"\\Mac\Home\Documents\VS2013Object\OpenCV图像处理\x64\Debug\OpenCV图像处理.pdb" /SUBSYSTEM:CONSOLE /TLBID:1 /DYNAMICBASE /NXCOMPAT /IMPLIB:"\\Mac\Home\Documents\VS2013Object\OpenCV图像处理\x64\Debug\OpenCV图像处理.lib" /MACHINE:X64 "x64\Debug\1.概述.obj"
         "x64\Debug\10.模糊图像(2).obj"
         "x64\Debug\11.腐蚀与膨胀.obj"
         "x64\Debug\12.形态学操作.obj"
         "x64\Debug\13.提取水平垂直文字.obj"
         "x64\Debug\14.图像金字塔.obj"
         "x64\Debug\15.基本阈值操作.obj"
         "x64\Debug\16.自定义线性滤波.obj"
         "x64\Debug\17.卷积边缘处理.obj"
         "x64\Debug\18.Sobel算子.obj"
         "x64\Debug\19.Laplace算子.obj"
         "x64\Debug\2.加载修改删除.obj"
         "x64\Debug\20.canny边缘提取.obj"
         "x64\Debug\21.霍夫直线检测!!!!!!!!!!.obj"
         "x64\Debug\22.霍夫圆检测!!!!!!!!!!.obj"
         "x64\Debug\23.像素重映射.obj"
         "x64\Debug\24.直方图均衡化.obj"
         "x64\Debug\25.直方图计算!!!!!!!!!!.obj"
         "x64\Debug\26.直方图比较.obj"
         "x64\Debug\27.直方图反向投影.obj"
         "x64\Debug\28.模板匹配!!!!!!!!!!.obj"
         "x64\Debug\3.矩阵的掩膜操作.obj"
         "x64\Debug\30.凸包.obj"
         "x64\Debug\31.轮廓周围绘制!!!!!!!!!!.obj"
         "x64\Debug\33.点多边形测试.obj"
         "x64\Debug\34.分水岭算法!!!!!!!!!!.obj"
         "x64\Debug\4.Mat对象.obj"
         "x64\Debug\5.图像反转(提取像素).obj"
         "x64\Debug\6.图像混合+ROI+泛洪填充.obj"
         "x64\Debug\8.绘制形状和文字.obj"
         "x64\Debug\9.模糊图像(1).obj"
         "x64\Debug\7.调整亮度和对比度.obj"
         x64\Debug\createtrackbar.obj
         "x64\Debug\32.图像矩.obj"
         "x64\Debug\形态学+模糊+直方图+轮廓.obj"
         "x64\Debug\汽车识别.obj"
         "x64\Debug\29.轮廓发现.obj"
         OpenCV.vcxproj -> \\Mac\Home\Documents\VS2013Object\OpenCV图像处理\x64\Debug\OpenCV图像处理.exe
     1>已完成生成项目“\\Mac\Home\Documents\VS2013Object\OpenCV图像处理\OpenCV\OpenCV.vcxproj”(Build 个目标)的操作。

生成成功。

已用时间 00:00:02.28
